<?xml version="1.0" encoding="UTF-8"?>
<!-- Generated by org.testng.reporters.JUnitReportReporter -->
<testsuite hostname="Akalya-PC" name="com.com.Advancedwebdriver.NewTest" tests="1" failures="0" timestamp="21 Apr 2020 07:08:49 GMT" time="7.369" errors="0">
  <testcase name="windows" time="7.369" classname="com.com.Advancedwebdriver.NewTest"/>
</testsuite> <!-- com.com.Advancedwebdriver.NewTest -->
