<?xml version="1.0" encoding="UTF-8"?>
<!-- Generated by org.testng.reporters.JUnitReportReporter -->
<testsuite hostname="Akalya-PC" name="com.InterviewQues.Interviewimp" tests="1" failures="0" timestamp="27 Apr 2020 07:47:49 GMT" time="12.617" errors="0">
  <testcase name="php" time="12.617" classname="com.InterviewQues.Interviewimp"/>
</testsuite> <!-- com.InterviewQues.Interviewimp -->
