<?xml version="1.0" encoding="UTF-8"?>
<!-- Generated by org.testng.reporters.JUnitReportReporter -->
<testsuite hostname="Akalya-PC" name="com.Webdriver.DependencyExample" tests="3" failures="0" timestamp="25 Apr 2020 12:33:00 GMT" time="0.062" errors="0">
  <testcase name="highersecondary" time="0.000" classname="com.Webdriver.DependencyExample"/>
  <testcase name="highschool" time="0.047" classname="com.Webdriver.DependencyExample"/>
  <testcase name="Engineering" time="0.015" classname="com.Webdriver.DependencyExample"/>
</testsuite> <!-- com.Webdriver.DependencyExample -->
