<?xml version="1.0" encoding="UTF-8"?>
<!-- Generated by org.testng.reporters.JUnitReportReporter -->
<testsuite hostname="Akalya-PC" name="com.InterviewQues.JavaScript" tests="1" failures="0" timestamp="9 May 2020 13:19:22 GMT" time="24.352" errors="0">
  <testcase name="Links" time="24.352" classname="com.InterviewQues.JavaScript"/>
</testsuite> <!-- com.InterviewQues.JavaScript -->
