<?xml version="1.0" encoding="UTF-8"?>
<!-- Generated by org.testng.reporters.JUnitReportReporter -->
<testsuite hostname="Akalya-PC" name="com.Advancedwebdriver.TestSel" tests="3" failures="0" timestamp="20 Apr 2020 14:52:26 GMT" time="1.848" errors="0">
  <testcase name="bikeAlreadySelected" time="0.039" classname="com.Advancedwebdriver.TestSel"/>
  <testcase name="IndiaMove" time="1.468" classname="com.Advancedwebdriver.TestSel"/>
  <testcase name="volvoCase" time="0.341" classname="com.Advancedwebdriver.TestSel"/>
</testsuite> <!-- com.Advancedwebdriver.TestSel -->
