<?xml version="1.0" encoding="UTF-8"?>
<!-- Generated by org.testng.reporters.JUnitReportReporter -->
<testsuite hostname="Akalya-PC" name="com.Advancedwebdriver.ChaitanyaPractise" tests="1" failures="0" timestamp="11 Apr 2020 07:23:13 GMT" time="65.967" errors="0">
  <testcase name="f" time="65.967" classname="com.Advancedwebdriver.ChaitanyaPractise"/>
</testsuite> <!-- com.Advancedwebdriver.ChaitanyaPractise -->
