<?xml version="1.0" encoding="UTF-8"?>
<!-- Generated by org.testng.reporters.JUnitReportReporter -->
<testsuite hostname="Akalya-PC" name="com.Advancedwebdriver.Frameexample" tests="1" failures="0" timestamp="21 Apr 2020 14:16:53 GMT" time="3.746" errors="0">
  <testcase name="frames" time="3.746" classname="com.Advancedwebdriver.Frameexample"/>
</testsuite> <!-- com.Advancedwebdriver.Frameexample -->
