<?xml version="1.0" encoding="UTF-8"?>
<!-- Generated by org.testng.reporters.JUnitReportReporter -->
<testsuite hostname="Akalya-PC" name="com.Advancedwebdriver.DynamicTableeg" tests="1" failures="0" timestamp="23 Apr 2020 15:03:05 GMT" time="3.796" errors="0">
  <testcase name="table" time="3.796" classname="com.Advancedwebdriver.DynamicTableeg"/>
</testsuite> <!-- com.Advancedwebdriver.DynamicTableeg -->
