<?xml version="1.0" encoding="UTF-8"?>
<!-- Generated by org.testng.reporters.JUnitReportReporter -->
<testsuite hostname="Akalya-PC" name="com.InterviewQues.MaxpageEg" tests="1" failures="0" timestamp="9 May 2020 12:30:06 GMT" time="27.036" errors="0">
  <testcase name="Authenticatepopup" time="27.036" classname="com.InterviewQues.MaxpageEg"/>
</testsuite> <!-- com.InterviewQues.MaxpageEg -->
