<?xml version="1.0" encoding="UTF-8"?>
<!-- Generated by org.testng.reporters.JUnitReportReporter -->
<testsuite hostname="Akalya-PC" name="com.Advancedwebdriver.SelectableExample" tests="2" failures="0" timestamp="22 Apr 2020 07:08:14 GMT" time="4.828" errors="0">
  <testcase name="Autocomplete" time="1.510" classname="com.Advancedwebdriver.SelectableExample"/>
  <testcase name="selectableoperation" time="3.318" classname="com.Advancedwebdriver.SelectableExample"/>
</testsuite> <!-- com.Advancedwebdriver.SelectableExample -->
