<?xml version="1.0" encoding="UTF-8"?>
<!-- Generated by org.testng.reporters.JUnitReportReporter -->
<testsuite hostname="Akalya-PC" name="com.Advancedwebdriver.Screenshot" tests="1" failures="0" timestamp="12 Apr 2020 04:53:43 GMT" time="194.967" errors="0">
  <testcase name="initial" time="194.967" classname="com.Advancedwebdriver.Screenshot"/>
</testsuite> <!-- com.Advancedwebdriver.Screenshot -->
