<?xml version="1.0" encoding="UTF-8"?>
<!-- Generated by org.testng.reporters.JUnitReportReporter -->
<testsuite hostname="Akalya-PC" name="com.InterviewQues.GoogleLinksEg" tests="1" failures="0" timestamp="7 May 2020 12:45:51 GMT" time="21.754" errors="0">
  <testcase name="Links" time="21.754" classname="com.InterviewQues.GoogleLinksEg"/>
</testsuite> <!-- com.InterviewQues.GoogleLinksEg -->
