<?xml version="1.0" encoding="UTF-8"?>
<!-- Generated by org.testng.reporters.JUnitReportReporter -->
<testsuite hostname="Akalya-PC" name="com.Advancedwebdriver.AssertionTestNG" tests="8" failures="0" timestamp="7 Apr 2020 15:18:26 GMT" time="1.029" errors="0">
  <testcase name="verifyMagazine" time="0.109" classname="com.Advancedwebdriver.AssertionTestNG"/>
  <testcase name="verifyTricycle" time="0.043" classname="com.Advancedwebdriver.AssertionTestNG"/>
  <testcase name="verifylanguages" time="0.641" classname="com.Advancedwebdriver.AssertionTestNG"/>
  <testcase name="verifyURL" time="0.017" classname="com.Advancedwebdriver.AssertionTestNG"/>
  <testcase name="verifyconfirm" time="0.081" classname="com.Advancedwebdriver.AssertionTestNG"/>
  <testcase name="verifypromptbox" time="0.093" classname="com.Advancedwebdriver.AssertionTestNG"/>
  <testcase name="verifyTitle" time="0.012" classname="com.Advancedwebdriver.AssertionTestNG"/>
  <testcase name="verifyalert" time="0.033" classname="com.Advancedwebdriver.AssertionTestNG"/>
</testsuite> <!-- com.Advancedwebdriver.AssertionTestNG -->
