<?xml version="1.0" encoding="UTF-8"?>
<!-- Generated by org.testng.reporters.JUnitReportReporter -->
<testsuite hostname="Akalya-PC" name="com.InterviewQues.RefreshpageEg" tests="1" failures="0" timestamp="29 Apr 2020 05:59:03 GMT" time="15.522" errors="0">
  <testcase name="Refreshpages" time="15.522" classname="com.InterviewQues.RefreshpageEg"/>
</testsuite> <!-- com.InterviewQues.RefreshpageEg -->
