<?xml version="1.0" encoding="UTF-8"?>
<!-- Generated by org.testng.reporters.JUnitReportReporter -->
<testsuite hostname="Akalya-PC" name="com.Advancedwebdriver.Datepicker" tests="1" failures="0" timestamp="12 Apr 2020 05:03:20 GMT" time="49.390" errors="0">
  <testcase name="Datepicker1" time="49.390" classname="com.Advancedwebdriver.Datepicker"/>
</testsuite> <!-- com.Advancedwebdriver.Datepicker -->
