<?xml version="1.0" encoding="UTF-8"?>
<!-- Generated by org.testng.reporters.JUnitReportReporter -->
<testsuite hostname="Akalya-PC" name="com.Advancedwebdriver.CalendarExample" tests="1" failures="0" timestamp="23 Apr 2020 12:17:18 GMT" time="4.377" errors="0">
  <testcase name="calendar" time="4.377" classname="com.Advancedwebdriver.CalendarExample"/>
</testsuite> <!-- com.Advancedwebdriver.CalendarExample -->
