<?xml version="1.0" encoding="UTF-8"?>
<!-- Generated by org.testng.reporters.JUnitReportReporter -->
<testsuite hostname="Akalya-PC" name="com.Advancedwebdriver.DragandDropexample" tests="2" failures="0" timestamp="21 Apr 2020 15:04:36 GMT" time="53.794" errors="0">
  <testcase name="drag" time="23.539" classname="com.Advancedwebdriver.DragandDropexample"/>
  <testcase name="tooltip" time="30.255" classname="com.Advancedwebdriver.DragandDropexample"/>
</testsuite> <!-- com.Advancedwebdriver.DragandDropexample -->
