<?xml version="1.0" encoding="UTF-8"?>
<!-- Generated by org.testng.reporters.JUnitReportReporter -->
<testsuite hostname="Akalya-PC" name="com.Advancedwebdriver.ImagesExample" tests="1" failures="0" timestamp="9 May 2020 13:42:38 GMT" time="1.156" errors="0">
  <testcase name="image" time="1.156" classname="com.Advancedwebdriver.ImagesExample"/>
</testsuite> <!-- com.Advancedwebdriver.ImagesExample -->
