<?xml version="1.0" encoding="UTF-8"?>
<!-- Generated by org.testng.reporters.JUnitReportReporter -->
<testsuite hostname="Akalya-PC" name="com.Advancedwebdriver.ButtonExamples" tests="3" failures="0" timestamp="21 Apr 2020 05:42:58 GMT" time="0.166" errors="0">
  <testcase name="buttonsize" time="0.047" classname="com.Advancedwebdriver.ButtonExamples"/>
  <testcase name="buttoncolor" time="0.072" classname="com.Advancedwebdriver.ButtonExamples"/>
  <testcase name="buttonposition" time="0.047" classname="com.Advancedwebdriver.ButtonExamples"/>
</testsuite> <!-- com.Advancedwebdriver.ButtonExamples -->
