<?xml version="1.0" encoding="UTF-8"?>
<!-- Generated by org.testng.reporters.JUnitReportReporter -->
<testsuite hostname="Akalya-PC" name="com.TestNG.GroupingTestcase" tests="6" failures="0" timestamp="26 Apr 2020 06:46:49 GMT" time="0.018" errors="0">
  <testcase name="Moto1" time="0.002" classname="com.TestNG.GroupingTestcase"/>
  <testcase name="Sony1" time="0.002" classname="com.TestNG.GroupingTestcase"/>
  <testcase name="Moto2" time="0.002" classname="com.TestNG.GroupingTestcase"/>
  <testcase name="Apple2" time="0.003" classname="com.TestNG.GroupingTestcase"/>
  <testcase name="Sony2" time="0.002" classname="com.TestNG.GroupingTestcase"/>
  <testcase name="Apple1" time="0.007" classname="com.TestNG.GroupingTestcase"/>
</testsuite> <!-- com.TestNG.GroupingTestcase -->
