<?xml version="1.0" encoding="UTF-8"?>
<!-- Generated by org.testng.reporters.JUnitReportReporter -->
<testsuite hostname="Akalya-PC" name="com.Advancedwebdriver.NewTest" tests="2" failures="0" timestamp="7 Apr 2020 09:30:52 GMT" time="0.011" errors="0">
  <testcase name="Method2" time="0.004" classname="com.Advancedwebdriver.NewTest"/>
  <testcase name="Method1" time="0.007" classname="com.Advancedwebdriver.NewTest"/>
</testsuite> <!-- com.Advancedwebdriver.NewTest -->
